<?xml version="1.0" encoding="UTF-8"?>
<testng-results ignored="0" total="2" passed="1" failed="1" skipped="0">
  <reporter-output>
  </reporter-output>
  <suite started-at="2025-02-21T13:24:11 MST" name="Suite" finished-at="2025-02-21T13:24:50 MST" duration-ms="38923">
    <groups>
      <group name="Purchase">
        <method signature="SubmitOrderTest.submitOrder(java.util.HashMap)[pri:0, instance:sujaniacademy.tests.SubmitOrderTest@27d4a09]" name="submitOrder" class="sujaniacademy.tests.SubmitOrderTest"/>
      </group> <!-- Purchase -->
    </groups>
    <test started-at="2025-02-21T13:24:11 MST" name="Error Validation Test" finished-at="2025-02-21T13:24:11 MST" duration-ms="29">
    </test> <!-- Error Validation Test -->
    <test started-at="2025-02-21T13:24:11 MST" name="Submit Order Test" finished-at="2025-02-21T13:24:50 MST" duration-ms="38923">
      <class name="sujaniacademy.tests.SubmitOrderTest">
        <test-method is-config="true" signature="launchApplication()[pri:0, instance:sujaniacademy.tests.SubmitOrderTest@27d4a09]" started-at="2025-02-21T13:24:12 MST" name="launchApplication" finished-at="2025-02-21T13:24:21 MST" duration-ms="9349" status="PASS">
          <reporter-output>
          </reporter-output>
        </test-method> <!-- launchApplication -->
        <test-method signature="submitOrder(java.util.HashMap)[pri:0, instance:sujaniacademy.tests.SubmitOrderTest@27d4a09]" started-at="2025-02-21T13:24:21 MST" name="submitOrder" data-provider="getData" finished-at="2025-02-21T13:24:39 MST" duration-ms="18059" status="PASS">
          <params>
            <param index="0">
              <value>
                <![CDATA[{password=MyLokupusa123#@, product=ZARA COAT 3, email=sujaniw@yahoo.com}]]>
              </value>
            </param>
          </params>
          <reporter-output>
          </reporter-output>
        </test-method> <!-- submitOrder -->
        <test-method is-config="true" signature="tearDown()[pri:0, instance:sujaniacademy.tests.SubmitOrderTest@27d4a09]" started-at="2025-02-21T13:24:39 MST" name="tearDown" finished-at="2025-02-21T13:24:39 MST" duration-ms="1" status="PASS">
          <reporter-output>
          </reporter-output>
        </test-method> <!-- tearDown -->
        <test-method is-config="true" signature="launchApplication()[pri:0, instance:sujaniacademy.tests.SubmitOrderTest@27d4a09]" started-at="2025-02-21T13:24:39 MST" name="launchApplication" finished-at="2025-02-21T13:24:46 MST" duration-ms="6673" status="PASS">
          <reporter-output>
          </reporter-output>
        </test-method> <!-- launchApplication -->
        <test-method signature="submitOrder(java.util.HashMap)[pri:0, instance:sujaniacademy.tests.SubmitOrderTest@27d4a09]" started-at="2025-02-21T13:24:46 MST" name="submitOrder" data-provider="getData" finished-at="2025-02-21T13:24:48 MST" duration-ms="2384" status="FAIL">
          <params>
            <param index="0">
              <value>
                <![CDATA[{password=MyLokupusa123#@, product=ADIDAS ORIGINAL, email=cat123@yahoo.com}]]>
              </value>
            </param>
          </params>
          <exception class="org.openqa.selenium.ElementClickInterceptedException">
            <message>
              <![CDATA[element click intercepted: Element <button _ngcontent-tkp-c33="" routerlink="/dashboard/cart" class="btn btn-custom" style="margin-top: -10px;" tabindex="0">...</button> is not clickable at point (1284, 27). Other element would receive the click: <div _ngcontent-tkp-c31="" class="ngx-spinner-overlay ng-tns-c31-1 ng-trigger ng-trigger-fadeIn ng-star-inserted" style="background-color: rgba(51, 51, 51, 0.8); z-index: 99999; position: fixed; opacity: 1;">...</div>
  (Session info: chrome=133.0.6943.127)
Build info: version: '4.28.1', revision: '73f5ad48a2'
System info: os.name: 'Windows 10', os.arch: 'amd64', os.version: '10.0', java.version: '11.0.2'
Driver info: org.openqa.selenium.chrome.ChromeDriver
Command: [c40b8a8b8d3dac0041b09263570d85c5, clickElement {id=f.3BAD81F922457533F844260F733482DB.d.FB66FC269249B9568C05C31764B1FB04.e.78}]
Capabilities {acceptInsecureCerts: false, browserName: chrome, browserVersion: 133.0.6943.127, chrome: {chromedriverVersion: 133.0.6943.126 (cffa127ce7b..., userDataDir: C:\WINDOWS\SystemTemp\scope...}, fedcm:accounts: true, goog:chromeOptions: {debuggerAddress: localhost:58736}, networkConnectionEnabled: false, pageLoadStrategy: normal, platformName: windows, proxy: Proxy(), se:cdp: ws://localhost:58736/devtoo..., se:cdpVersion: 133.0.6943.127, setWindowRect: true, strictFileInteractability: false, timeouts: {implicit: 0, pageLoad: 300000, script: 30000}, unhandledPromptBehavior: dismiss and notify, webauthn:extension:credBlob: true, webauthn:extension:largeBlob: true, webauthn:extension:minPinLength: true, webauthn:extension:prf: true, webauthn:virtualAuthenticators: true}
Element: [[ChromeDriver: chrome on windows (c40b8a8b8d3dac0041b09263570d85c5)] -> css selector: button[routerlink*='cart']]
Session ID: c40b8a8b8d3dac0041b09263570d85c5]]>
            </message>
            <full-stacktrace>
              <![CDATA[org.openqa.selenium.ElementClickInterceptedException: element click intercepted: Element <button _ngcontent-tkp-c33="" routerlink="/dashboard/cart" class="btn btn-custom" style="margin-top: -10px;" tabindex="0">...</button> is not clickable at point (1284, 27). Other element would receive the click: <div _ngcontent-tkp-c31="" class="ngx-spinner-overlay ng-tns-c31-1 ng-trigger ng-trigger-fadeIn ng-star-inserted" style="background-color: rgba(51, 51, 51, 0.8); z-index: 99999; position: fixed; opacity: 1;">...</div>
  (Session info: chrome=133.0.6943.127)
Build info: version: '4.28.1', revision: '73f5ad48a2'
System info: os.name: 'Windows 10', os.arch: 'amd64', os.version: '10.0', java.version: '11.0.2'
Driver info: org.openqa.selenium.chrome.ChromeDriver
Command: [c40b8a8b8d3dac0041b09263570d85c5, clickElement {id=f.3BAD81F922457533F844260F733482DB.d.FB66FC269249B9568C05C31764B1FB04.e.78}]
Capabilities {acceptInsecureCerts: false, browserName: chrome, browserVersion: 133.0.6943.127, chrome: {chromedriverVersion: 133.0.6943.126 (cffa127ce7b..., userDataDir: C:\WINDOWS\SystemTemp\scope...}, fedcm:accounts: true, goog:chromeOptions: {debuggerAddress: localhost:58736}, networkConnectionEnabled: false, pageLoadStrategy: normal, platformName: windows, proxy: Proxy(), se:cdp: ws://localhost:58736/devtoo..., se:cdpVersion: 133.0.6943.127, setWindowRect: true, strictFileInteractability: false, timeouts: {implicit: 0, pageLoad: 300000, script: 30000}, unhandledPromptBehavior: dismiss and notify, webauthn:extension:credBlob: true, webauthn:extension:largeBlob: true, webauthn:extension:minPinLength: true, webauthn:extension:prf: true, webauthn:virtualAuthenticators: true}
Element: [[ChromeDriver: chrome on windows (c40b8a8b8d3dac0041b09263570d85c5)] -> css selector: button[routerlink*='cart']]
Session ID: c40b8a8b8d3dac0041b09263570d85c5
at java.base/jdk.internal.reflect.NativeConstructorAccessorImpl.newInstance0(Native Method)
at java.base/jdk.internal.reflect.NativeConstructorAccessorImpl.newInstance(NativeConstructorAccessorImpl.java:62)
at java.base/jdk.internal.reflect.DelegatingConstructorAccessorImpl.newInstance(DelegatingConstructorAccessorImpl.java:45)
at java.base/java.lang.reflect.Constructor.newInstance(Constructor.java:490)
at org.openqa.selenium.remote.ErrorCodec.decode(ErrorCodec.java:167)
at org.openqa.selenium.remote.codec.w3c.W3CHttpResponseCodec.decode(W3CHttpResponseCodec.java:138)
at org.openqa.selenium.remote.codec.w3c.W3CHttpResponseCodec.decode(W3CHttpResponseCodec.java:50)
at org.openqa.selenium.remote.HttpCommandExecutor.execute(HttpCommandExecutor.java:215)
at org.openqa.selenium.remote.service.DriverCommandExecutor.invokeExecute(DriverCommandExecutor.java:216)
at org.openqa.selenium.remote.service.DriverCommandExecutor.execute(DriverCommandExecutor.java:174)
at org.openqa.selenium.remote.RemoteWebDriver.execute(RemoteWebDriver.java:545)
at org.openqa.selenium.remote.RemoteWebElement.execute(RemoteWebElement.java:223)
at org.openqa.selenium.remote.RemoteWebElement.click(RemoteWebElement.java:76)
at java.base/jdk.internal.reflect.NativeMethodAccessorImpl.invoke0(Native Method)
at java.base/jdk.internal.reflect.NativeMethodAccessorImpl.invoke(NativeMethodAccessorImpl.java:62)
at java.base/jdk.internal.reflect.DelegatingMethodAccessorImpl.invoke(DelegatingMethodAccessorImpl.java:43)
at java.base/java.lang.reflect.Method.invoke(Method.java:566)
at org.openqa.selenium.support.pagefactory.internal.LocatingElementHandler.invoke(LocatingElementHandler.java:51)
at com.sun.proxy.$Proxy14.click(Unknown Source)
at sujaniacademy.abstractcomponents.AbstractComponents.goToCartPage(AbstractComponents.java:43)
at sujaniacademy.tests.SubmitOrderTest.submitOrder(SubmitOrderTest.java:53)
at java.base/jdk.internal.reflect.NativeMethodAccessorImpl.invoke0(Native Method)
at java.base/jdk.internal.reflect.NativeMethodAccessorImpl.invoke(NativeMethodAccessorImpl.java:62)
at java.base/jdk.internal.reflect.DelegatingMethodAccessorImpl.invoke(DelegatingMethodAccessorImpl.java:43)
at java.base/java.lang.reflect.Method.invoke(Method.java:566)
at org.testng.internal.invokers.MethodInvocationHelper.invokeMethod(MethodInvocationHelper.java:141)
at org.testng.internal.invokers.TestInvoker.invokeMethod(TestInvoker.java:686)
at org.testng.internal.invokers.TestInvoker.invokeTestMethod(TestInvoker.java:230)
at org.testng.internal.invokers.MethodRunner.runInSequence(MethodRunner.java:63)
at org.testng.internal.invokers.TestInvoker$MethodInvocationAgent.invoke(TestInvoker.java:992)
at org.testng.internal.invokers.TestInvoker.invokeTestMethods(TestInvoker.java:203)
at org.testng.internal.invokers.TestMethodWorker.invokeTestMethods(TestMethodWorker.java:154)
at org.testng.internal.invokers.TestMethodWorker.run(TestMethodWorker.java:134)
at java.base/java.util.ArrayList.forEach(ArrayList.java:1540)
at org.testng.TestRunner.privateRun(TestRunner.java:739)
at org.testng.TestRunner.run(TestRunner.java:614)
at org.testng.SuiteRunner.runTest(SuiteRunner.java:421)
at org.testng.SuiteRunner$SuiteWorker.run(SuiteRunner.java:463)
at org.testng.internal.thread.ThreadUtil.lambda$execute$0(ThreadUtil.java:64)
at java.base/java.util.concurrent.FutureTask.run(FutureTask.java:264)
at java.base/java.util.concurrent.ThreadPoolExecutor.runWorker(ThreadPoolExecutor.java:1128)
at java.base/java.util.concurrent.ThreadPoolExecutor$Worker.run(ThreadPoolExecutor.java:628)
at java.base/java.lang.Thread.run(Thread.java:834)
]]>
            </full-stacktrace>
          </exception> <!-- org.openqa.selenium.ElementClickInterceptedException -->
          <reporter-output>
          </reporter-output>
        </test-method> <!-- submitOrder -->
        <test-method is-config="true" signature="tearDown()[pri:0, instance:sujaniacademy.tests.SubmitOrderTest@27d4a09]" started-at="2025-02-21T13:24:49 MST" name="tearDown" finished-at="2025-02-21T13:24:50 MST" duration-ms="1653" status="PASS">
          <reporter-output>
          </reporter-output>
        </test-method> <!-- tearDown -->
      </class> <!-- sujaniacademy.tests.SubmitOrderTest -->
    </test> <!-- Submit Order Test -->
  </suite> <!-- Suite -->
</testng-results>
