<?xml version="1.0" encoding="UTF-8"?>
<!-- Generated by org.testng.reporters.JUnitXMLReporter -->
<testsuite ignored="2" hostname="SujaniLaptop" failures="0" tests="0" time="0.029" errors="0" timestamp="2025-02-21T13:24:12 MST">
  <testcase classname="sujaniacademy.tests.ErrorValidationsTest" name="errorLoginValidation" time="0.0">
    <ignored/>
  </testcase> <!-- errorLoginValidation -->
  <testcase classname="sujaniacademy.tests.ErrorValidationsTest" name="submitOrderError" time="0.0">
    <ignored/>
  </testcase> <!-- submitOrderError -->
</testsuite>
